
> flowzint-frontend@0.1.0 build
> next build

  ▲ Next.js 14.2.35
  - Environments: .env.local

   Creating an optimized production build ...
 ⚠ For production Image Optimization with Next.js, the optional 'sharp' package is strongly recommended. Run 'npm i sharp', and Next.js will use it automatically for Image Optimization.
Read more: https://nextjs.org/docs/messages/sharp-missing-in-production
<w> [webpack.cache.PackFileCacheStrategy/webpack.FileSystemInfo] Parsing of D:\samiksha-work\namespace\flowzint\frontend\node_modules\next-intl\dist\esm\production\extractor\format\index.js for build dependencies failed at 'import(t)'.
<w> Build dependencies behind this expression are ignored and might cause incorrect cache invalidation.
<w> [webpack.cache.PackFileCacheStrategy/webpack.FileSystemInfo] Parsing of D:\samiksha-work\namespace\flowzint\frontend\node_modules\next-intl\dist\esm\production\extractor\format\index.js for build dependencies failed at 'import(t)'.
<w> Build dependencies behind this expression are ignored and might cause incorrect cache invalidation.
<w> [webpack.cache.PackFileCacheStrategy/webpack.FileSystemInfo] Parsing of D:\samiksha-work\namespace\flowzint\frontend\node_modules\next-intl\dist\esm\production\extractor\format\index.js for build dependencies failed at 'import(t)'.
<w> Build dependencies behind this expression are ignored and might cause incorrect cache invalidation.
 ⚠ Compiled with warnings

./node_modules/jose/dist/webapi/lib/deflate.js
A Node.js API is used (CompressionStream at line: 10) which is not supported in the Edge Runtime.
Learn more: https://nextjs.org/docs/api-reference/edge-runtime

Import trace for requested module:
./node_modules/jose/dist/webapi/lib/deflate.js
./node_modules/jose/dist/webapi/jwe/flattened/decrypt.js
./node_modules/jose/dist/webapi/index.js
./lib/auth.ts

./node_modules/jose/dist/webapi/lib/deflate.js
A Node.js API is used (DecompressionStream at line: 26) which is not supported in the Edge Runtime.
Learn more: https://nextjs.org/docs/api-reference/edge-runtime

Import trace for requested module:
./node_modules/jose/dist/webapi/lib/deflate.js
./node_modules/jose/dist/webapi/jwe/flattened/decrypt.js
./node_modules/jose/dist/webapi/index.js
./lib/auth.ts

   Skipping validation of types
   Skipping linting
   Collecting page data ...
   Generating static pages (0/18) ...
   Generating static pages (4/18) 
Failed to fetch active pools from backend: B [Error]: Dynamic server usage: no-store fetch http://localhost:8000/api/pools/active /api/pools/active
    at D:\samiksha-work\namespace\flowzint\frontend\.next\server\chunks\8948.js:2:10769
    at D:\samiksha-work\namespace\flowzint\frontend\.next\server\chunks\8948.js:2:18390
    at a.with (D:\samiksha-work\namespace\flowzint\frontend\.next\server\chunks\8948.js:1:8885)
    at u.with (D:\samiksha-work\namespace\flowzint\frontend\.next\server\chunks\8948.js:1:3085)
    at u.startActiveSpan (D:\samiksha-work\namespace\flowzint\frontend\.next\server\chunks\8948.js:1:18140)
    at a.startActiveSpan (D:\samiksha-work\namespace\flowzint\frontend\.next\server\chunks\8948.js:1:18674)
    at D:\samiksha-work\namespace\flowzint\frontend\.next\server\chunks\8948.js:2:17923
    at a.with (D:\samiksha-work\namespace\flowzint\frontend\.next\server\chunks\8948.js:1:8885)
    at u.with (D:\samiksha-work\namespace\flowzint\frontend\.next\server\chunks\8948.js:1:3085)
    at b.trace (D:\samiksha-work\namespace\flowzint\frontend\.next\server\chunks\8948.js:2:17877) {
  description: 'no-store fetch http://localhost:8000/api/pools/active /api/pools/active',
  digest: 'DYNAMIC_SERVER_USAGE'
}
Failed to fetch stats from backend: n [Error]: Dynamic server usage: no-store fetch http://localhost:8000/stats /api/stats
    at D:\samiksha-work\namespace\flowzint\frontend\.next\server\chunks\8948.js:2:10769
    at D:\samiksha-work\namespace\flowzint\frontend\.next\server\chunks\8948.js:2:18390
    at a.with (D:\samiksha-work\namespace\flowzint\frontend\.next\server\chunks\8948.js:1:8885)
    at u.with (D:\samiksha-work\namespace\flowzint\frontend\.next\server\chunks\8948.js:1:3085)
    at u.startActiveSpan (D:\samiksha-work\namespace\flowzint\frontend\.next\server\chunks\8948.js:1:18140)
    at a.startActiveSpan (D:\samiksha-work\namespace\flowzint\frontend\.next\server\chunks\8948.js:1:18674)
    at D:\samiksha-work\namespace\flowzint\frontend\.next\server\chunks\8948.js:2:17923
    at a.with (D:\samiksha-work\namespace\flowzint\frontend\.next\server\chunks\8948.js:1:8885)
    at u.with (D:\samiksha-work\namespace\flowzint\frontend\.next\server\chunks\8948.js:1:3085)
    at b.trace (D:\samiksha-work\namespace\flowzint\frontend\.next\server\chunks\8948.js:2:17877) {
  description: 'no-store fetch http://localhost:8000/stats /api/stats',
  digest: 'DYNAMIC_SERVER_USAGE'
}
   Generating static pages (8/18) 
   Generating static pages (13/18) 
 ✓ Generating static pages (18/18)
   Finalizing page optimization ...
   Collecting build traces ...

Route (app)                              Size     First Load JS
┌ ○ /_not-found                          880 B          88.9 kB
├ ƒ /[locale]                            3.32 kB         123 kB
├ ƒ /[locale]/admin/settings             4.1 kB          133 kB
├ ƒ /[locale]/buyer                      1.04 kB         112 kB
├ ƒ /[locale]/buyer/auctions             5.4 kB          135 kB
├ ƒ /[locale]/buyer/bids                 3.54 kB         123 kB
├ ƒ /[locale]/buyer/farmers              2.92 kB         117 kB
├ ƒ /[locale]/buyer/farmers/[phone]      2.61 kB         118 kB
├ ƒ /[locale]/buyer/pool/[poolId]        6.47 kB         127 kB
├ ƒ /[locale]/buyer/profile              3.19 kB         114 kB
├ ƒ /[locale]/buyer/register             3.55 kB         152 kB
├ ƒ /[locale]/buyer/settlements          3.13 kB         114 kB
├ ƒ /[locale]/buyers                     5.54 kB         125 kB
├ ƒ /[locale]/buyers/register            4.87 kB         162 kB
├ ƒ /[locale]/dashboard                  6.74 kB         149 kB
├ ƒ /[locale]/dashboard/pool/[poolId]    111 kB          230 kB
├ ƒ /[locale]/demo                       6.18 kB         149 kB
├ ƒ /[locale]/farmer/buyers              4.48 kB         116 kB
├ ƒ /[locale]/farmer/dashboard           7.13 kB         118 kB
├ ƒ /[locale]/farmer/profile             4.78 kB         116 kB
├ ƒ /[locale]/farmer/settlements         7.05 kB         128 kB
├ ƒ /[locale]/farmers                    2.42 kB         116 kB
├ ƒ /[locale]/farmers/[phone]            2.17 kB         126 kB
├ ƒ /[locale]/login                      5.81 kB         155 kB
├ ƒ /[locale]/settlements                6.26 kB         127 kB
├ ƒ /api/admin/settings                  0 B                0 B
├ ƒ /api/auth/login                      0 B                0 B
├ ƒ /api/auth/logout                     0 B                0 B
├ ƒ /api/auth/me                         0 B                0 B
├ ƒ /api/auth/refresh                    0 B                0 B
├ ƒ /api/buyers                          0 B                0 B
├ ƒ /api/buyers/[id]                     0 B                0 B
├ ƒ /api/buyers/[id]/calls               0 B                0 B
├ ƒ /api/buyers/check                    0 B                0 B
├ ƒ /api/delivery_confirm                0 B                0 B
├ ƒ /api/demo/close-pool                 0 B                0 B
├ ƒ /api/demo/inject-bid                 0 B                0 B
├ ƒ /api/demo/reset                      0 B                0 B
├ ƒ /api/demo/retry-callbacks            0 B                0 B
├ ƒ /api/demo/send-callbacks             0 B                0 B
├ ƒ /api/demo/trigger-call               0 B                0 B
├ ƒ /api/farmers                         0 B                0 B
├ ƒ /api/farmers/[phone]                 0 B                0 B
├ ƒ /api/farmers/[phone]/settlements     0 B                0 B
├ ƒ /api/pools/[poolId]                  0 B                0 B
├ ƒ /api/pools/[poolId]/members          0 B                0 B
├ ƒ /api/pools/active                    0 B                0 B
├ ƒ /api/pools/history                   0 B                0 B
├ ƒ /api/settlements                     0 B                0 B
├ ƒ /api/settlements/[poolId]            0 B                0 B
├ ƒ /api/settlements/export              0 B                0 B
└ ƒ /api/stats                           0 B                0 B
+ First Load JS shared by all            88 kB
  ├ chunks/2117-cef67adc6a221035.js      31.9 kB
  ├ chunks/fd9d1056-a4706050a67ec2c3.js  53.6 kB
  └ other shared chunks (total)          2.48 kB


ƒ Middleware                             44 kB

○  (Static)   prerendered as static content
ƒ  (Dynamic)  server-rendered on demand

EXIT_CODE:0
